<?xml version="1.0" encoding="UTF-8"?>
<testsuite xmlns:xsi="http://www.w3.org/2001/XMLSchema-instance" xsi:noNamespaceSchemaLocation="https://maven.apache.org/surefire/maven-surefire-plugin/xsd/surefire-test-report.xsd" name="com.mediscreen.patient.service.PatientServiceTests" time="5.764" tests="10" errors="0" skipped="0" failures="0">
  <properties>
    <property name="sun.desktop" value="windows"/>
    <property name="awt.toolkit" value="sun.awt.windows.WToolkit"/>
    <property name="file.encoding.pkg" value="sun.io"/>
    <property name="java.specification.version" value="1.8"/>
    <property name="sun.cpu.isalist" value="amd64"/>
    <property name="sun.jnu.encoding" value="Cp1252"/>
    <property name="java.class.path" value="C:\tools\gitRepos\P9_Mediscreen_Patient\target\test-classes;C:\tools\gitRepos\P9_Mediscreen_Patient\target\classes;C:\tools\maven_repo\org\springframework\boot\spring-boot-starter-data-jpa\2.4.3\spring-boot-starter-data-jpa-2.4.3.jar;C:\tools\maven_repo\org\springframework\boot\spring-boot-starter-aop\2.4.3\spring-boot-starter-aop-2.4.3.jar;C:\tools\maven_repo\org\springframework\spring-aop\5.3.4\spring-aop-5.3.4.jar;C:\tools\maven_repo\org\aspectj\aspectjweaver\1.9.6\aspectjweaver-1.9.6.jar;C:\tools\maven_repo\org\springframework\boot\spring-boot-starter-jdbc\2.4.3\spring-boot-starter-jdbc-2.4.3.jar;C:\tools\maven_repo\com\zaxxer\HikariCP\3.4.5\HikariCP-3.4.5.jar;C:\tools\maven_repo\org\springframework\spring-jdbc\5.3.4\spring-jdbc-5.3.4.jar;C:\tools\maven_repo\jakarta\transaction\jakarta.transaction-api\1.3.3\jakarta.transaction-api-1.3.3.jar;C:\tools\maven_repo\jakarta\persistence\jakarta.persistence-api\2.2.3\jakarta.persistence-api-2.2.3.jar;C:\tools\maven_repo\org\hibernate\hibernate-core\5.4.28.Final\hibernate-core-5.4.28.Final.jar;C:\tools\maven_repo\org\javassist\javassist\3.27.0-GA\javassist-3.27.0-GA.jar;C:\tools\maven_repo\net\bytebuddy\byte-buddy\1.10.20\byte-buddy-1.10.20.jar;C:\tools\maven_repo\antlr\antlr\2.7.7\antlr-2.7.7.jar;C:\tools\maven_repo\org\jboss\jandex\2.2.3.Final\jandex-2.2.3.Final.jar;C:\tools\maven_repo\org\dom4j\dom4j\2.1.3\dom4j-2.1.3.jar;C:\tools\maven_repo\org\hibernate\common\hibernate-commons-annotations\5.1.2.Final\hibernate-commons-annotations-5.1.2.Final.jar;C:\tools\maven_repo\org\glassfish\jaxb\jaxb-runtime\2.3.3\jaxb-runtime-2.3.3.jar;C:\tools\maven_repo\org\glassfish\jaxb\txw2\2.3.3\txw2-2.3.3.jar;C:\tools\maven_repo\com\sun\istack\istack-commons-runtime\3.0.11\istack-commons-runtime-3.0.11.jar;C:\tools\maven_repo\com\sun\activation\jakarta.activation\1.2.2\jakarta.activation-1.2.2.jar;C:\tools\maven_repo\org\springframework\data\spring-data-jpa\2.4.5\spring-data-jpa-2.4.5.jar;C:\tools\maven_repo\org\springframework\data\spring-data-commons\2.4.5\spring-data-commons-2.4.5.jar;C:\tools\maven_repo\org\springframework\spring-orm\5.3.4\spring-orm-5.3.4.jar;C:\tools\maven_repo\org\springframework\spring-context\5.3.4\spring-context-5.3.4.jar;C:\tools\maven_repo\org\springframework\spring-tx\5.3.4\spring-tx-5.3.4.jar;C:\tools\maven_repo\org\springframework\spring-beans\5.3.4\spring-beans-5.3.4.jar;C:\tools\maven_repo\org\springframework\spring-aspects\5.3.4\spring-aspects-5.3.4.jar;C:\tools\maven_repo\org\springframework\boot\spring-boot-starter-web\2.4.3\spring-boot-starter-web-2.4.3.jar;C:\tools\maven_repo\org\springframework\boot\spring-boot-starter\2.4.3\spring-boot-starter-2.4.3.jar;C:\tools\maven_repo\org\springframework\boot\spring-boot\2.4.3\spring-boot-2.4.3.jar;C:\tools\maven_repo\org\springframework\boot\spring-boot-autoconfigure\2.4.3\spring-boot-autoconfigure-2.4.3.jar;C:\tools\maven_repo\org\springframework\boot\spring-boot-starter-logging\2.4.3\spring-boot-starter-logging-2.4.3.jar;C:\tools\maven_repo\ch\qos\logback\logback-classic\1.2.3\logback-classic-1.2.3.jar;C:\tools\maven_repo\ch\qos\logback\logback-core\1.2.3\logback-core-1.2.3.jar;C:\tools\maven_repo\org\apache\logging\log4j\log4j-to-slf4j\2.13.3\log4j-to-slf4j-2.13.3.jar;C:\tools\maven_repo\org\apache\logging\log4j\log4j-api\2.13.3\log4j-api-2.13.3.jar;C:\tools\maven_repo\org\slf4j\jul-to-slf4j\1.7.30\jul-to-slf4j-1.7.30.jar;C:\tools\maven_repo\jakarta\annotation\jakarta.annotation-api\1.3.5\jakarta.annotation-api-1.3.5.jar;C:\tools\maven_repo\org\yaml\snakeyaml\1.27\snakeyaml-1.27.jar;C:\tools\maven_repo\org\springframework\boot\spring-boot-starter-json\2.4.3\spring-boot-starter-json-2.4.3.jar;C:\tools\maven_repo\com\fasterxml\jackson\core\jackson-databind\2.11.4\jackson-databind-2.11.4.jar;C:\tools\maven_repo\com\fasterxml\jackson\core\jackson-core\2.11.4\jackson-core-2.11.4.jar;C:\tools\maven_repo\com\fasterxml\jackson\datatype\jackson-datatype-jdk8\2.11.4\jackson-datatype-jdk8-2.11.4.jar;C:\tools\maven_repo\com\fasterxml\jackson\datatype\jackson-datatype-jsr310\2.11.4\jackson-datatype-jsr310-2.11.4.jar;C:\tools\maven_repo\com\fasterxml\jackson\module\jackson-module-parameter-names\2.11.4\jackson-module-parameter-names-2.11.4.jar;C:\tools\maven_repo\org\springframework\boot\spring-boot-starter-tomcat\2.4.3\spring-boot-starter-tomcat-2.4.3.jar;C:\tools\maven_repo\org\apache\tomcat\embed\tomcat-embed-core\9.0.43\tomcat-embed-core-9.0.43.jar;C:\tools\maven_repo\org\glassfish\jakarta.el\3.0.3\jakarta.el-3.0.3.jar;C:\tools\maven_repo\org\apache\tomcat\embed\tomcat-embed-websocket\9.0.43\tomcat-embed-websocket-9.0.43.jar;C:\tools\maven_repo\org\springframework\spring-web\5.3.4\spring-web-5.3.4.jar;C:\tools\maven_repo\org\springframework\spring-webmvc\5.3.4\spring-webmvc-5.3.4.jar;C:\tools\maven_repo\org\springframework\spring-expression\5.3.4\spring-expression-5.3.4.jar;C:\tools\maven_repo\mysql\mysql-connector-java\8.0.23\mysql-connector-java-8.0.23.jar;C:\tools\maven_repo\org\hibernate\validator\hibernate-validator\6.0.13.Final\hibernate-validator-6.0.13.Final.jar;C:\tools\maven_repo\javax\validation\validation-api\2.0.1.Final\validation-api-2.0.1.Final.jar;C:\tools\maven_repo\org\jboss\logging\jboss-logging\3.4.1.Final\jboss-logging-3.4.1.Final.jar;C:\tools\maven_repo\com\fasterxml\classmate\1.5.1\classmate-1.5.1.jar;C:\tools\maven_repo\org\projectlombok\lombok\1.18.18\lombok-1.18.18.jar;C:\tools\maven_repo\org\springframework\boot\spring-boot-starter-test\2.4.3\spring-boot-starter-test-2.4.3.jar;C:\tools\maven_repo\org\springframework\boot\spring-boot-test\2.4.3\spring-boot-test-2.4.3.jar;C:\tools\maven_repo\org\springframework\boot\spring-boot-test-autoconfigure\2.4.3\spring-boot-test-autoconfigure-2.4.3.jar;C:\tools\maven_repo\com\jayway\jsonpath\json-path\2.4.0\json-path-2.4.0.jar;C:\tools\maven_repo\net\minidev\json-smart\2.3\json-smart-2.3.jar;C:\tools\maven_repo\net\minidev\accessors-smart\1.2\accessors-smart-1.2.jar;C:\tools\maven_repo\jakarta\xml\bind\jakarta.xml.bind-api\2.3.3\jakarta.xml.bind-api-2.3.3.jar;C:\tools\maven_repo\jakarta\activation\jakarta.activation-api\1.2.2\jakarta.activation-api-1.2.2.jar;C:\tools\maven_repo\org\assertj\assertj-core\3.18.1\assertj-core-3.18.1.jar;C:\tools\maven_repo\org\hamcrest\hamcrest\2.2\hamcrest-2.2.jar;C:\tools\maven_repo\org\junit\jupiter\junit-jupiter\5.7.1\junit-jupiter-5.7.1.jar;C:\tools\maven_repo\org\junit\jupiter\junit-jupiter-api\5.7.1\junit-jupiter-api-5.7.1.jar;C:\tools\maven_repo\org\apiguardian\apiguardian-api\1.1.0\apiguardian-api-1.1.0.jar;C:\tools\maven_repo\org\opentest4j\opentest4j\1.2.0\opentest4j-1.2.0.jar;C:\tools\maven_repo\org\junit\platform\junit-platform-commons\1.7.1\junit-platform-commons-1.7.1.jar;C:\tools\maven_repo\org\junit\jupiter\junit-jupiter-params\5.7.1\junit-jupiter-params-5.7.1.jar;C:\tools\maven_repo\org\junit\jupiter\junit-jupiter-engine\5.7.1\junit-jupiter-engine-5.7.1.jar;C:\tools\maven_repo\org\junit\platform\junit-platform-engine\1.7.1\junit-platform-engine-1.7.1.jar;C:\tools\maven_repo\org\mockito\mockito-core\3.6.28\mockito-core-3.6.28.jar;C:\tools\maven_repo\net\bytebuddy\byte-buddy-agent\1.10.20\byte-buddy-agent-1.10.20.jar;C:\tools\maven_repo\org\objenesis\objenesis\3.1\objenesis-3.1.jar;C:\tools\maven_repo\org\mockito\mockito-junit-jupiter\3.6.28\mockito-junit-jupiter-3.6.28.jar;C:\tools\maven_repo\org\skyscreamer\jsonassert\1.5.0\jsonassert-1.5.0.jar;C:\tools\maven_repo\com\vaadin\external\google\android-json\0.0.20131108.vaadin1\android-json-0.0.20131108.vaadin1.jar;C:\tools\maven_repo\org\springframework\spring-core\5.3.4\spring-core-5.3.4.jar;C:\tools\maven_repo\org\springframework\spring-jcl\5.3.4\spring-jcl-5.3.4.jar;C:\tools\maven_repo\org\springframework\spring-test\5.3.4\spring-test-5.3.4.jar;C:\tools\maven_repo\org\xmlunit\xmlunit-core\2.7.0\xmlunit-core-2.7.0.jar;C:\tools\maven_repo\org\jacoco\jacoco-maven-plugin\0.8.5\jacoco-maven-plugin-0.8.5.jar;C:\tools\maven_repo\org\apache\maven\maven-plugin-api\3.0\maven-plugin-api-3.0.jar;C:\tools\maven_repo\org\apache\maven\maven-model\3.0\maven-model-3.0.jar;C:\tools\maven_repo\org\apache\maven\maven-artifact\3.0\maven-artifact-3.0.jar;C:\tools\maven_repo\org\sonatype\sisu\sisu-inject-plexus\1.4.2\sisu-inject-plexus-1.4.2.jar;C:\tools\maven_repo\org\sonatype\sisu\sisu-inject-bean\1.4.2\sisu-inject-bean-1.4.2.jar;C:\tools\maven_repo\org\sonatype\sisu\sisu-guice\2.1.7\sisu-guice-2.1.7-noaop.jar;C:\tools\maven_repo\org\apache\maven\maven-core\3.0\maven-core-3.0.jar;C:\tools\maven_repo\org\apache\maven\maven-settings\3.0\maven-settings-3.0.jar;C:\tools\maven_repo\org\apache\maven\maven-settings-builder\3.0\maven-settings-builder-3.0.jar;C:\tools\maven_repo\org\apache\maven\maven-repository-metadata\3.0\maven-repository-metadata-3.0.jar;C:\tools\maven_repo\org\apache\maven\maven-model-builder\3.0\maven-model-builder-3.0.jar;C:\tools\maven_repo\org\apache\maven\maven-aether-provider\3.0\maven-aether-provider-3.0.jar;C:\tools\maven_repo\org\sonatype\aether\aether-impl\1.7\aether-impl-1.7.jar;C:\tools\maven_repo\org\sonatype\aether\aether-spi\1.7\aether-spi-1.7.jar;C:\tools\maven_repo\org\sonatype\aether\aether-api\1.7\aether-api-1.7.jar;C:\tools\maven_repo\org\sonatype\aether\aether-util\1.7\aether-util-1.7.jar;C:\tools\maven_repo\org\codehaus\plexus\plexus-interpolation\1.14\plexus-interpolation-1.14.jar;C:\tools\maven_repo\org\codehaus\plexus\plexus-classworlds\2.2.3\plexus-classworlds-2.2.3.jar;C:\tools\maven_repo\org\codehaus\plexus\plexus-component-annotations\1.5.5\plexus-component-annotations-1.5.5.jar;C:\tools\maven_repo\org\sonatype\plexus\plexus-sec-dispatcher\1.3\plexus-sec-dispatcher-1.3.jar;C:\tools\maven_repo\org\sonatype\plexus\plexus-cipher\1.4\plexus-cipher-1.4.jar;C:\tools\maven_repo\org\codehaus\plexus\plexus-utils\3.0.22\plexus-utils-3.0.22.jar;C:\tools\maven_repo\org\apache\maven\shared\file-management\1.2.1\file-management-1.2.1.jar;C:\tools\maven_repo\org\apache\maven\shared\maven-shared-io\1.1\maven-shared-io-1.1.jar;C:\tools\maven_repo\org\apache\maven\maven-artifact-manager\2.0.2\maven-artifact-manager-2.0.2.jar;C:\tools\maven_repo\org\apache\maven\wagon\wagon-provider-api\1.0-alpha-6\wagon-provider-api-1.0-alpha-6.jar;C:\tools\maven_repo\org\codehaus\plexus\plexus-container-default\1.0-alpha-9\plexus-container-default-1.0-alpha-9.jar;C:\tools\maven_repo\junit\junit\4.13.2\junit-4.13.2.jar;C:\tools\maven_repo\org\hamcrest\hamcrest-core\2.2\hamcrest-core-2.2.jar;C:\tools\maven_repo\classworlds\classworlds\1.1-alpha-2\classworlds-1.1-alpha-2.jar;C:\tools\maven_repo\org\apache\maven\reporting\maven-reporting-api\3.0\maven-reporting-api-3.0.jar;C:\tools\maven_repo\org\apache\maven\doxia\doxia-sink-api\1.0\doxia-sink-api-1.0.jar;C:\tools\maven_repo\org\apache\maven\reporting\maven-reporting-impl\2.1\maven-reporting-impl-2.1.jar;C:\tools\maven_repo\org\apache\maven\maven-project\2.0.10\maven-project-2.0.10.jar;C:\tools\maven_repo\org\apache\maven\maven-profile\2.0.10\maven-profile-2.0.10.jar;C:\tools\maven_repo\org\apache\maven\maven-plugin-registry\2.0.10\maven-plugin-registry-2.0.10.jar;C:\tools\maven_repo\org\apache\maven\doxia\doxia-core\1.1.2\doxia-core-1.1.2.jar;C:\tools\maven_repo\org\apache\maven\doxia\doxia-logging-api\1.1.2\doxia-logging-api-1.1.2.jar;C:\tools\maven_repo\xerces\xercesImpl\2.8.1\xercesImpl-2.8.1.jar;C:\tools\maven_repo\commons-lang\commons-lang\2.4\commons-lang-2.4.jar;C:\tools\maven_repo\commons-httpclient\commons-httpclient\3.1\commons-httpclient-3.1.jar;C:\tools\maven_repo\commons-codec\commons-codec\1.15\commons-codec-1.15.jar;C:\tools\maven_repo\org\apache\maven\doxia\doxia-site-renderer\1.1.2\doxia-site-renderer-1.1.2.jar;C:\tools\maven_repo\org\apache\maven\doxia\doxia-decoration-model\1.1.2\doxia-decoration-model-1.1.2.jar;C:\tools\maven_repo\org\apache\maven\doxia\doxia-module-xhtml\1.1.2\doxia-module-xhtml-1.1.2.jar;C:\tools\maven_repo\org\apache\maven\doxia\doxia-module-fml\1.1.2\doxia-module-fml-1.1.2.jar;C:\tools\maven_repo\org\codehaus\plexus\plexus-i18n\1.0-beta-7\plexus-i18n-1.0-beta-7.jar;C:\tools\maven_repo\org\codehaus\plexus\plexus-velocity\1.1.7\plexus-velocity-1.1.7.jar;C:\tools\maven_repo\org\apache\velocity\velocity\1.5\velocity-1.5.jar;C:\tools\maven_repo\commons-collections\commons-collections\3.2\commons-collections-3.2.jar;C:\tools\maven_repo\commons-validator\commons-validator\1.2.0\commons-validator-1.2.0.jar;C:\tools\maven_repo\commons-beanutils\commons-beanutils\1.7.0\commons-beanutils-1.7.0.jar;C:\tools\maven_repo\commons-digester\commons-digester\1.6\commons-digester-1.6.jar;C:\tools\maven_repo\commons-logging\commons-logging\1.0.4\commons-logging-1.0.4.jar;C:\tools\maven_repo\oro\oro\2.0.8\oro-2.0.8.jar;C:\tools\maven_repo\xml-apis\xml-apis\1.0.b2\xml-apis-1.0.b2.jar;C:\tools\maven_repo\org\jacoco\org.jacoco.agent\0.8.5\org.jacoco.agent-0.8.5-runtime.jar;C:\tools\maven_repo\org\jacoco\org.jacoco.core\0.8.5\org.jacoco.core-0.8.5.jar;C:\tools\maven_repo\org\ow2\asm\asm\7.2\asm-7.2.jar;C:\tools\maven_repo\org\ow2\asm\asm-commons\7.2\asm-commons-7.2.jar;C:\tools\maven_repo\org\ow2\asm\asm-analysis\7.2\asm-analysis-7.2.jar;C:\tools\maven_repo\org\ow2\asm\asm-tree\7.2\asm-tree-7.2.jar;C:\tools\maven_repo\org\jacoco\org.jacoco.report\0.8.5\org.jacoco.report-0.8.5.jar;C:\tools\maven_repo\io\springfox\springfox-swagger2\2.8.0\springfox-swagger2-2.8.0.jar;C:\tools\maven_repo\io\swagger\swagger-annotations\1.5.14\swagger-annotations-1.5.14.jar;C:\tools\maven_repo\io\swagger\swagger-models\1.5.14\swagger-models-1.5.14.jar;C:\tools\maven_repo\com\fasterxml\jackson\core\jackson-annotations\2.11.4\jackson-annotations-2.11.4.jar;C:\tools\maven_repo\io\springfox\springfox-spi\2.8.0\springfox-spi-2.8.0.jar;C:\tools\maven_repo\io\springfox\springfox-core\2.8.0\springfox-core-2.8.0.jar;C:\tools\maven_repo\io\springfox\springfox-schema\2.8.0\springfox-schema-2.8.0.jar;C:\tools\maven_repo\io\springfox\springfox-swagger-common\2.8.0\springfox-swagger-common-2.8.0.jar;C:\tools\maven_repo\io\springfox\springfox-spring-web\2.8.0\springfox-spring-web-2.8.0.jar;C:\tools\maven_repo\org\reflections\reflections\0.9.11\reflections-0.9.11.jar;C:\tools\maven_repo\com\google\guava\guava\20.0\guava-20.0.jar;C:\tools\maven_repo\org\slf4j\slf4j-api\1.7.30\slf4j-api-1.7.30.jar;C:\tools\maven_repo\org\springframework\plugin\spring-plugin-core\1.2.0.RELEASE\spring-plugin-core-1.2.0.RELEASE.jar;C:\tools\maven_repo\org\springframework\plugin\spring-plugin-metadata\1.2.0.RELEASE\spring-plugin-metadata-1.2.0.RELEASE.jar;C:\tools\maven_repo\org\mapstruct\mapstruct\1.2.0.Final\mapstruct-1.2.0.Final.jar;C:\tools\maven_repo\io\springfox\springfox-swagger-ui\2.8.0\springfox-swagger-ui-2.8.0.jar;"/>
    <property name="java.vm.vendor" value="Oracle Corporation"/>
    <property name="sun.arch.data.model" value="64"/>
    <property name="user.variant" value=""/>
    <property name="java.vendor.url" value="http://java.oracle.com/"/>
    <property name="user.timezone" value="Europe/Paris"/>
    <property name="java.vm.specification.version" value="1.8"/>
    <property name="os.name" value="Windows 10"/>
    <property name="user.country" value="FR"/>
    <property name="sun.java.launcher" value="SUN_STANDARD"/>
    <property name="sun.boot.library.path" value="C:\tools\java\jdk1.8.0_151\jre\bin"/>
    <property name="sun.java.command" value="C:\Users\s610948\AppData\Local\Temp\surefire6122631852963566809\surefirebooter4723117864027395800.jar C:\Users\s610948\AppData\Local\Temp\surefire6122631852963566809 2021-03-18T17-04-38_927-jvmRun1 surefire633293455480440905tmp surefire_01968779992618317967tmp"/>
    <property name="surefire.test.class.path" value="C:\tools\gitRepos\P9_Mediscreen_Patient\target\test-classes;C:\tools\gitRepos\P9_Mediscreen_Patient\target\classes;C:\tools\maven_repo\org\springframework\boot\spring-boot-starter-data-jpa\2.4.3\spring-boot-starter-data-jpa-2.4.3.jar;C:\tools\maven_repo\org\springframework\boot\spring-boot-starter-aop\2.4.3\spring-boot-starter-aop-2.4.3.jar;C:\tools\maven_repo\org\springframework\spring-aop\5.3.4\spring-aop-5.3.4.jar;C:\tools\maven_repo\org\aspectj\aspectjweaver\1.9.6\aspectjweaver-1.9.6.jar;C:\tools\maven_repo\org\springframework\boot\spring-boot-starter-jdbc\2.4.3\spring-boot-starter-jdbc-2.4.3.jar;C:\tools\maven_repo\com\zaxxer\HikariCP\3.4.5\HikariCP-3.4.5.jar;C:\tools\maven_repo\org\springframework\spring-jdbc\5.3.4\spring-jdbc-5.3.4.jar;C:\tools\maven_repo\jakarta\transaction\jakarta.transaction-api\1.3.3\jakarta.transaction-api-1.3.3.jar;C:\tools\maven_repo\jakarta\persistence\jakarta.persistence-api\2.2.3\jakarta.persistence-api-2.2.3.jar;C:\tools\maven_repo\org\hibernate\hibernate-core\5.4.28.Final\hibernate-core-5.4.28.Final.jar;C:\tools\maven_repo\org\javassist\javassist\3.27.0-GA\javassist-3.27.0-GA.jar;C:\tools\maven_repo\net\bytebuddy\byte-buddy\1.10.20\byte-buddy-1.10.20.jar;C:\tools\maven_repo\antlr\antlr\2.7.7\antlr-2.7.7.jar;C:\tools\maven_repo\org\jboss\jandex\2.2.3.Final\jandex-2.2.3.Final.jar;C:\tools\maven_repo\org\dom4j\dom4j\2.1.3\dom4j-2.1.3.jar;C:\tools\maven_repo\org\hibernate\common\hibernate-commons-annotations\5.1.2.Final\hibernate-commons-annotations-5.1.2.Final.jar;C:\tools\maven_repo\org\glassfish\jaxb\jaxb-runtime\2.3.3\jaxb-runtime-2.3.3.jar;C:\tools\maven_repo\org\glassfish\jaxb\txw2\2.3.3\txw2-2.3.3.jar;C:\tools\maven_repo\com\sun\istack\istack-commons-runtime\3.0.11\istack-commons-runtime-3.0.11.jar;C:\tools\maven_repo\com\sun\activation\jakarta.activation\1.2.2\jakarta.activation-1.2.2.jar;C:\tools\maven_repo\org\springframework\data\spring-data-jpa\2.4.5\spring-data-jpa-2.4.5.jar;C:\tools\maven_repo\org\springframework\data\spring-data-commons\2.4.5\spring-data-commons-2.4.5.jar;C:\tools\maven_repo\org\springframework\spring-orm\5.3.4\spring-orm-5.3.4.jar;C:\tools\maven_repo\org\springframework\spring-context\5.3.4\spring-context-5.3.4.jar;C:\tools\maven_repo\org\springframework\spring-tx\5.3.4\spring-tx-5.3.4.jar;C:\tools\maven_repo\org\springframework\spring-beans\5.3.4\spring-beans-5.3.4.jar;C:\tools\maven_repo\org\springframework\spring-aspects\5.3.4\spring-aspects-5.3.4.jar;C:\tools\maven_repo\org\springframework\boot\spring-boot-starter-web\2.4.3\spring-boot-starter-web-2.4.3.jar;C:\tools\maven_repo\org\springframework\boot\spring-boot-starter\2.4.3\spring-boot-starter-2.4.3.jar;C:\tools\maven_repo\org\springframework\boot\spring-boot\2.4.3\spring-boot-2.4.3.jar;C:\tools\maven_repo\org\springframework\boot\spring-boot-autoconfigure\2.4.3\spring-boot-autoconfigure-2.4.3.jar;C:\tools\maven_repo\org\springframework\boot\spring-boot-starter-logging\2.4.3\spring-boot-starter-logging-2.4.3.jar;C:\tools\maven_repo\ch\qos\logback\logback-classic\1.2.3\logback-classic-1.2.3.jar;C:\tools\maven_repo\ch\qos\logback\logback-core\1.2.3\logback-core-1.2.3.jar;C:\tools\maven_repo\org\apache\logging\log4j\log4j-to-slf4j\2.13.3\log4j-to-slf4j-2.13.3.jar;C:\tools\maven_repo\org\apache\logging\log4j\log4j-api\2.13.3\log4j-api-2.13.3.jar;C:\tools\maven_repo\org\slf4j\jul-to-slf4j\1.7.30\jul-to-slf4j-1.7.30.jar;C:\tools\maven_repo\jakarta\annotation\jakarta.annotation-api\1.3.5\jakarta.annotation-api-1.3.5.jar;C:\tools\maven_repo\org\yaml\snakeyaml\1.27\snakeyaml-1.27.jar;C:\tools\maven_repo\org\springframework\boot\spring-boot-starter-json\2.4.3\spring-boot-starter-json-2.4.3.jar;C:\tools\maven_repo\com\fasterxml\jackson\core\jackson-databind\2.11.4\jackson-databind-2.11.4.jar;C:\tools\maven_repo\com\fasterxml\jackson\core\jackson-core\2.11.4\jackson-core-2.11.4.jar;C:\tools\maven_repo\com\fasterxml\jackson\datatype\jackson-datatype-jdk8\2.11.4\jackson-datatype-jdk8-2.11.4.jar;C:\tools\maven_repo\com\fasterxml\jackson\datatype\jackson-datatype-jsr310\2.11.4\jackson-datatype-jsr310-2.11.4.jar;C:\tools\maven_repo\com\fasterxml\jackson\module\jackson-module-parameter-names\2.11.4\jackson-module-parameter-names-2.11.4.jar;C:\tools\maven_repo\org\springframework\boot\spring-boot-starter-tomcat\2.4.3\spring-boot-starter-tomcat-2.4.3.jar;C:\tools\maven_repo\org\apache\tomcat\embed\tomcat-embed-core\9.0.43\tomcat-embed-core-9.0.43.jar;C:\tools\maven_repo\org\glassfish\jakarta.el\3.0.3\jakarta.el-3.0.3.jar;C:\tools\maven_repo\org\apache\tomcat\embed\tomcat-embed-websocket\9.0.43\tomcat-embed-websocket-9.0.43.jar;C:\tools\maven_repo\org\springframework\spring-web\5.3.4\spring-web-5.3.4.jar;C:\tools\maven_repo\org\springframework\spring-webmvc\5.3.4\spring-webmvc-5.3.4.jar;C:\tools\maven_repo\org\springframework\spring-expression\5.3.4\spring-expression-5.3.4.jar;C:\tools\maven_repo\mysql\mysql-connector-java\8.0.23\mysql-connector-java-8.0.23.jar;C:\tools\maven_repo\org\hibernate\validator\hibernate-validator\6.0.13.Final\hibernate-validator-6.0.13.Final.jar;C:\tools\maven_repo\javax\validation\validation-api\2.0.1.Final\validation-api-2.0.1.Final.jar;C:\tools\maven_repo\org\jboss\logging\jboss-logging\3.4.1.Final\jboss-logging-3.4.1.Final.jar;C:\tools\maven_repo\com\fasterxml\classmate\1.5.1\classmate-1.5.1.jar;C:\tools\maven_repo\org\projectlombok\lombok\1.18.18\lombok-1.18.18.jar;C:\tools\maven_repo\org\springframework\boot\spring-boot-starter-test\2.4.3\spring-boot-starter-test-2.4.3.jar;C:\tools\maven_repo\org\springframework\boot\spring-boot-test\2.4.3\spring-boot-test-2.4.3.jar;C:\tools\maven_repo\org\springframework\boot\spring-boot-test-autoconfigure\2.4.3\spring-boot-test-autoconfigure-2.4.3.jar;C:\tools\maven_repo\com\jayway\jsonpath\json-path\2.4.0\json-path-2.4.0.jar;C:\tools\maven_repo\net\minidev\json-smart\2.3\json-smart-2.3.jar;C:\tools\maven_repo\net\minidev\accessors-smart\1.2\accessors-smart-1.2.jar;C:\tools\maven_repo\jakarta\xml\bind\jakarta.xml.bind-api\2.3.3\jakarta.xml.bind-api-2.3.3.jar;C:\tools\maven_repo\jakarta\activation\jakarta.activation-api\1.2.2\jakarta.activation-api-1.2.2.jar;C:\tools\maven_repo\org\assertj\assertj-core\3.18.1\assertj-core-3.18.1.jar;C:\tools\maven_repo\org\hamcrest\hamcrest\2.2\hamcrest-2.2.jar;C:\tools\maven_repo\org\junit\jupiter\junit-jupiter\5.7.1\junit-jupiter-5.7.1.jar;C:\tools\maven_repo\org\junit\jupiter\junit-jupiter-api\5.7.1\junit-jupiter-api-5.7.1.jar;C:\tools\maven_repo\org\apiguardian\apiguardian-api\1.1.0\apiguardian-api-1.1.0.jar;C:\tools\maven_repo\org\opentest4j\opentest4j\1.2.0\opentest4j-1.2.0.jar;C:\tools\maven_repo\org\junit\platform\junit-platform-commons\1.7.1\junit-platform-commons-1.7.1.jar;C:\tools\maven_repo\org\junit\jupiter\junit-jupiter-params\5.7.1\junit-jupiter-params-5.7.1.jar;C:\tools\maven_repo\org\junit\jupiter\junit-jupiter-engine\5.7.1\junit-jupiter-engine-5.7.1.jar;C:\tools\maven_repo\org\junit\platform\junit-platform-engine\1.7.1\junit-platform-engine-1.7.1.jar;C:\tools\maven_repo\org\mockito\mockito-core\3.6.28\mockito-core-3.6.28.jar;C:\tools\maven_repo\net\bytebuddy\byte-buddy-agent\1.10.20\byte-buddy-agent-1.10.20.jar;C:\tools\maven_repo\org\objenesis\objenesis\3.1\objenesis-3.1.jar;C:\tools\maven_repo\org\mockito\mockito-junit-jupiter\3.6.28\mockito-junit-jupiter-3.6.28.jar;C:\tools\maven_repo\org\skyscreamer\jsonassert\1.5.0\jsonassert-1.5.0.jar;C:\tools\maven_repo\com\vaadin\external\google\android-json\0.0.20131108.vaadin1\android-json-0.0.20131108.vaadin1.jar;C:\tools\maven_repo\org\springframework\spring-core\5.3.4\spring-core-5.3.4.jar;C:\tools\maven_repo\org\springframework\spring-jcl\5.3.4\spring-jcl-5.3.4.jar;C:\tools\maven_repo\org\springframework\spring-test\5.3.4\spring-test-5.3.4.jar;C:\tools\maven_repo\org\xmlunit\xmlunit-core\2.7.0\xmlunit-core-2.7.0.jar;C:\tools\maven_repo\org\jacoco\jacoco-maven-plugin\0.8.5\jacoco-maven-plugin-0.8.5.jar;C:\tools\maven_repo\org\apache\maven\maven-plugin-api\3.0\maven-plugin-api-3.0.jar;C:\tools\maven_repo\org\apache\maven\maven-model\3.0\maven-model-3.0.jar;C:\tools\maven_repo\org\apache\maven\maven-artifact\3.0\maven-artifact-3.0.jar;C:\tools\maven_repo\org\sonatype\sisu\sisu-inject-plexus\1.4.2\sisu-inject-plexus-1.4.2.jar;C:\tools\maven_repo\org\sonatype\sisu\sisu-inject-bean\1.4.2\sisu-inject-bean-1.4.2.jar;C:\tools\maven_repo\org\sonatype\sisu\sisu-guice\2.1.7\sisu-guice-2.1.7-noaop.jar;C:\tools\maven_repo\org\apache\maven\maven-core\3.0\maven-core-3.0.jar;C:\tools\maven_repo\org\apache\maven\maven-settings\3.0\maven-settings-3.0.jar;C:\tools\maven_repo\org\apache\maven\maven-settings-builder\3.0\maven-settings-builder-3.0.jar;C:\tools\maven_repo\org\apache\maven\maven-repository-metadata\3.0\maven-repository-metadata-3.0.jar;C:\tools\maven_repo\org\apache\maven\maven-model-builder\3.0\maven-model-builder-3.0.jar;C:\tools\maven_repo\org\apache\maven\maven-aether-provider\3.0\maven-aether-provider-3.0.jar;C:\tools\maven_repo\org\sonatype\aether\aether-impl\1.7\aether-impl-1.7.jar;C:\tools\maven_repo\org\sonatype\aether\aether-spi\1.7\aether-spi-1.7.jar;C:\tools\maven_repo\org\sonatype\aether\aether-api\1.7\aether-api-1.7.jar;C:\tools\maven_repo\org\sonatype\aether\aether-util\1.7\aether-util-1.7.jar;C:\tools\maven_repo\org\codehaus\plexus\plexus-interpolation\1.14\plexus-interpolation-1.14.jar;C:\tools\maven_repo\org\codehaus\plexus\plexus-classworlds\2.2.3\plexus-classworlds-2.2.3.jar;C:\tools\maven_repo\org\codehaus\plexus\plexus-component-annotations\1.5.5\plexus-component-annotations-1.5.5.jar;C:\tools\maven_repo\org\sonatype\plexus\plexus-sec-dispatcher\1.3\plexus-sec-dispatcher-1.3.jar;C:\tools\maven_repo\org\sonatype\plexus\plexus-cipher\1.4\plexus-cipher-1.4.jar;C:\tools\maven_repo\org\codehaus\plexus\plexus-utils\3.0.22\plexus-utils-3.0.22.jar;C:\tools\maven_repo\org\apache\maven\shared\file-management\1.2.1\file-management-1.2.1.jar;C:\tools\maven_repo\org\apache\maven\shared\maven-shared-io\1.1\maven-shared-io-1.1.jar;C:\tools\maven_repo\org\apache\maven\maven-artifact-manager\2.0.2\maven-artifact-manager-2.0.2.jar;C:\tools\maven_repo\org\apache\maven\wagon\wagon-provider-api\1.0-alpha-6\wagon-provider-api-1.0-alpha-6.jar;C:\tools\maven_repo\org\codehaus\plexus\plexus-container-default\1.0-alpha-9\plexus-container-default-1.0-alpha-9.jar;C:\tools\maven_repo\junit\junit\4.13.2\junit-4.13.2.jar;C:\tools\maven_repo\org\hamcrest\hamcrest-core\2.2\hamcrest-core-2.2.jar;C:\tools\maven_repo\classworlds\classworlds\1.1-alpha-2\classworlds-1.1-alpha-2.jar;C:\tools\maven_repo\org\apache\maven\reporting\maven-reporting-api\3.0\maven-reporting-api-3.0.jar;C:\tools\maven_repo\org\apache\maven\doxia\doxia-sink-api\1.0\doxia-sink-api-1.0.jar;C:\tools\maven_repo\org\apache\maven\reporting\maven-reporting-impl\2.1\maven-reporting-impl-2.1.jar;C:\tools\maven_repo\org\apache\maven\maven-project\2.0.10\maven-project-2.0.10.jar;C:\tools\maven_repo\org\apache\maven\maven-profile\2.0.10\maven-profile-2.0.10.jar;C:\tools\maven_repo\org\apache\maven\maven-plugin-registry\2.0.10\maven-plugin-registry-2.0.10.jar;C:\tools\maven_repo\org\apache\maven\doxia\doxia-core\1.1.2\doxia-core-1.1.2.jar;C:\tools\maven_repo\org\apache\maven\doxia\doxia-logging-api\1.1.2\doxia-logging-api-1.1.2.jar;C:\tools\maven_repo\xerces\xercesImpl\2.8.1\xercesImpl-2.8.1.jar;C:\tools\maven_repo\commons-lang\commons-lang\2.4\commons-lang-2.4.jar;C:\tools\maven_repo\commons-httpclient\commons-httpclient\3.1\commons-httpclient-3.1.jar;C:\tools\maven_repo\commons-codec\commons-codec\1.15\commons-codec-1.15.jar;C:\tools\maven_repo\org\apache\maven\doxia\doxia-site-renderer\1.1.2\doxia-site-renderer-1.1.2.jar;C:\tools\maven_repo\org\apache\maven\doxia\doxia-decoration-model\1.1.2\doxia-decoration-model-1.1.2.jar;C:\tools\maven_repo\org\apache\maven\doxia\doxia-module-xhtml\1.1.2\doxia-module-xhtml-1.1.2.jar;C:\tools\maven_repo\org\apache\maven\doxia\doxia-module-fml\1.1.2\doxia-module-fml-1.1.2.jar;C:\tools\maven_repo\org\codehaus\plexus\plexus-i18n\1.0-beta-7\plexus-i18n-1.0-beta-7.jar;C:\tools\maven_repo\org\codehaus\plexus\plexus-velocity\1.1.7\plexus-velocity-1.1.7.jar;C:\tools\maven_repo\org\apache\velocity\velocity\1.5\velocity-1.5.jar;C:\tools\maven_repo\commons-collections\commons-collections\3.2\commons-collections-3.2.jar;C:\tools\maven_repo\commons-validator\commons-validator\1.2.0\commons-validator-1.2.0.jar;C:\tools\maven_repo\commons-beanutils\commons-beanutils\1.7.0\commons-beanutils-1.7.0.jar;C:\tools\maven_repo\commons-digester\commons-digester\1.6\commons-digester-1.6.jar;C:\tools\maven_repo\commons-logging\commons-logging\1.0.4\commons-logging-1.0.4.jar;C:\tools\maven_repo\oro\oro\2.0.8\oro-2.0.8.jar;C:\tools\maven_repo\xml-apis\xml-apis\1.0.b2\xml-apis-1.0.b2.jar;C:\tools\maven_repo\org\jacoco\org.jacoco.agent\0.8.5\org.jacoco.agent-0.8.5-runtime.jar;C:\tools\maven_repo\org\jacoco\org.jacoco.core\0.8.5\org.jacoco.core-0.8.5.jar;C:\tools\maven_repo\org\ow2\asm\asm\7.2\asm-7.2.jar;C:\tools\maven_repo\org\ow2\asm\asm-commons\7.2\asm-commons-7.2.jar;C:\tools\maven_repo\org\ow2\asm\asm-analysis\7.2\asm-analysis-7.2.jar;C:\tools\maven_repo\org\ow2\asm\asm-tree\7.2\asm-tree-7.2.jar;C:\tools\maven_repo\org\jacoco\org.jacoco.report\0.8.5\org.jacoco.report-0.8.5.jar;C:\tools\maven_repo\io\springfox\springfox-swagger2\2.8.0\springfox-swagger2-2.8.0.jar;C:\tools\maven_repo\io\swagger\swagger-annotations\1.5.14\swagger-annotations-1.5.14.jar;C:\tools\maven_repo\io\swagger\swagger-models\1.5.14\swagger-models-1.5.14.jar;C:\tools\maven_repo\com\fasterxml\jackson\core\jackson-annotations\2.11.4\jackson-annotations-2.11.4.jar;C:\tools\maven_repo\io\springfox\springfox-spi\2.8.0\springfox-spi-2.8.0.jar;C:\tools\maven_repo\io\springfox\springfox-core\2.8.0\springfox-core-2.8.0.jar;C:\tools\maven_repo\io\springfox\springfox-schema\2.8.0\springfox-schema-2.8.0.jar;C:\tools\maven_repo\io\springfox\springfox-swagger-common\2.8.0\springfox-swagger-common-2.8.0.jar;C:\tools\maven_repo\io\springfox\springfox-spring-web\2.8.0\springfox-spring-web-2.8.0.jar;C:\tools\maven_repo\org\reflections\reflections\0.9.11\reflections-0.9.11.jar;C:\tools\maven_repo\com\google\guava\guava\20.0\guava-20.0.jar;C:\tools\maven_repo\org\slf4j\slf4j-api\1.7.30\slf4j-api-1.7.30.jar;C:\tools\maven_repo\org\springframework\plugin\spring-plugin-core\1.2.0.RELEASE\spring-plugin-core-1.2.0.RELEASE.jar;C:\tools\maven_repo\org\springframework\plugin\spring-plugin-metadata\1.2.0.RELEASE\spring-plugin-metadata-1.2.0.RELEASE.jar;C:\tools\maven_repo\org\mapstruct\mapstruct\1.2.0.Final\mapstruct-1.2.0.Final.jar;C:\tools\maven_repo\io\springfox\springfox-swagger-ui\2.8.0\springfox-swagger-ui-2.8.0.jar;"/>
    <property name="sun.cpu.endian" value="little"/>
    <property name="user.home" value="C:\Users\s610948"/>
    <property name="user.language" value="fr"/>
    <property name="java.specification.vendor" value="Oracle Corporation"/>
    <property name="java.home" value="C:\tools\java\jdk1.8.0_151\jre"/>
    <property name="basedir" value="C:\tools\gitRepos\P9_Mediscreen_Patient"/>
    <property name="file.separator" value="\"/>
    <property name="line.separator" value="&#10;"/>
    <property name="java.vm.specification.vendor" value="Oracle Corporation"/>
    <property name="java.specification.name" value="Java Platform API Specification"/>
    <property name="java.awt.graphicsenv" value="sun.awt.Win32GraphicsEnvironment"/>
    <property name="surefire.real.class.path" value="C:\Users\s610948\AppData\Local\Temp\surefire6122631852963566809\surefirebooter4723117864027395800.jar;C:\\tools\\maven_repo\\org\\jacoco\\org.jacoco.agent\\0.8.5\\org.jacoco.agent-0.8.5-runtime.jar"/>
    <property name="sun.boot.class.path" value="C:\tools\java\jdk1.8.0_151\jre\lib\resources.jar;C:\tools\java\jdk1.8.0_151\jre\lib\rt.jar;C:\tools\java\jdk1.8.0_151\jre\lib\sunrsasign.jar;C:\tools\java\jdk1.8.0_151\jre\lib\jsse.jar;C:\tools\java\jdk1.8.0_151\jre\lib\jce.jar;C:\tools\java\jdk1.8.0_151\jre\lib\charsets.jar;C:\tools\java\jdk1.8.0_151\jre\lib\jfr.jar;C:\tools\java\jdk1.8.0_151\jre\classes"/>
    <property name="user.script" value=""/>
    <property name="sun.management.compiler" value="HotSpot 64-Bit Tiered Compilers"/>
    <property name="java.runtime.version" value="1.8.0_151-b12"/>
    <property name="user.name" value="S610948"/>
    <property name="path.separator" value=";"/>
    <property name="os.version" value="10.0"/>
    <property name="java.endorsed.dirs" value="C:\tools\java\jdk1.8.0_151\jre\lib\endorsed"/>
    <property name="java.runtime.name" value="Java(TM) SE Runtime Environment"/>
    <property name="file.encoding" value="Cp1252"/>
    <property name="java.vm.name" value="Java HotSpot(TM) 64-Bit Server VM"/>
    <property name="localRepository" value="C:\tools\maven_repo"/>
    <property name="java.vendor.url.bug" value="http://bugreport.sun.com/bugreport/"/>
    <property name="java.io.tmpdir" value="C:\Users\s610948\AppData\Local\Temp\"/>
    <property name="idea.version" value="2020.3"/>
    <property name="java.version" value="1.8.0_151"/>
    <property name="user.dir" value="C:\tools\gitRepos\P9_Mediscreen_Patient"/>
    <property name="os.arch" value="amd64"/>
    <property name="java.vm.specification.name" value="Java Virtual Machine Specification"/>
    <property name="java.awt.printerjob" value="sun.awt.windows.WPrinterJob"/>
    <property name="sun.os.patch.level" value=""/>
    <property name="java.library.path" value="C:\tools\java\jdk1.8.0_151\jre\bin;C:\WINDOWS\Sun\Java\bin;C:\WINDOWS\system32;C:\WINDOWS;C:\WINDOWS\system32;C:\WINDOWS;C:\WINDOWS\System32\Wbem;C:\WINDOWS\System32\WindowsPowerShell\v1.0\;C:\Program Files (x86)\Wave Systems Corp\bin\;C:\Program Files\Wave Systems Corp\Wave TSS\bin\;C:\Program Files\PuTTY\;C:\Program Files\dotnet\;C:\Program Files\Microsoft SQL Server\130\Tools\Binn\;C:\Program Files\nodejs\;C:\WINDOWS\System32\OpenSSH\;C:\tools\java\jdk1.8.0_151\bin;C:\tools\apache-maven-3.5.2\bin;C:\tools\Git\cmd;;C:\Program Files\Docker\Docker\resources\bin;C:\ProgramData\DockerDesktop\version-bin;C:\Program Files\MySQL\MySQL Shell 8.0\bin\;C:\Users\s610948\AppData\Local\Microsoft\WindowsApps;C:\Users\s610948\AppData\Local\Programs\Git\cmd;C:\Users\s610948\AppData\Roaming\npm;;C:\Program Files\JetBrains\IntelliJ IDEA 2020.2.3\bin;;."/>
    <property name="java.vm.info" value="mixed mode"/>
    <property name="java.vendor" value="Oracle Corporation"/>
    <property name="java.vm.version" value="25.151-b12"/>
    <property name="java.ext.dirs" value="C:\tools\java\jdk1.8.0_151\jre\lib\ext;C:\WINDOWS\Sun\Java\lib\ext"/>
    <property name="sun.io.unicode.encoding" value="UnicodeLittle"/>
    <property name="maven.repo.local" value="C:\tools\maven_repo"/>
    <property name="java.class.version" value="52.0"/>
  </properties>
  <testcase name="addPatient_OK" classname="com.mediscreen.patient.service.PatientServiceTests" time="0.249"/>
  <testcase name="updatePatient_AnotherPatientIsTheSame" classname="com.mediscreen.patient.service.PatientServiceTests" time="0.028"/>
  <testcase name="getPatient_NotExist" classname="com.mediscreen.patient.service.PatientServiceTests" time="0.009"/>
  <testcase name="getPatientByFamilyName_OK" classname="com.mediscreen.patient.service.PatientServiceTests" time="0.012"/>
  <testcase name="updatePatient_NotExist" classname="com.mediscreen.patient.service.PatientServiceTests" time="0.009"/>
  <testcase name="getAllPatients" classname="com.mediscreen.patient.service.PatientServiceTests" time="0.015"/>
  <testcase name="updatePatient_OK" classname="com.mediscreen.patient.service.PatientServiceTests" time="0.009"/>
  <testcase name="addPatient_AlreadyExist" classname="com.mediscreen.patient.service.PatientServiceTests" time="0.009"/>
  <testcase name="getPatientByFamilyName_NotExist" classname="com.mediscreen.patient.service.PatientServiceTests" time="0.008"/>
  <testcase name="getPatient_OK" classname="com.mediscreen.patient.service.PatientServiceTests" time="0.008"/>
</testsuite>